   1.0204081632653061       0.57588238229697175     
   1.2479144421424155        1.2584053418808816       0.72819865116048810       0.83712944934012390     
   2.3026659706934454        3.2854496657366719        3.3153583441561869     
   2.4992520961495712       -2.7839210575903985       0.86801912612495502     
  0.70786653897223939        2.1599202438630312       -2.1597251045241403     
   1.1295732692834350       -1.1443213886332577       -3.1199343327853510     
  -1.8358357722881309        1.6698463009638980        1.3882258921617630     
 -0.35408503889655152        3.4244127439466387       -2.6938673445156840     
  -1.8052954256762361        3.3928378434136546       -2.3463363364240539     
  -2.7271876102899375      -0.97841208361005305        2.6207020679377844     
  -2.0443547011080732      -0.27145986195752630        1.8089005243826797E-002
 -0.93585091663026565       0.36261246793027113       0.47382005379516795     
   2.2107726025113732        2.6050893946207472       -2.0191398985945841     
  -1.2323779929190892       0.57584421730536850      -0.72553386890881166     
   2.4868550053305767        3.4479112540445778        2.4126538620444364     
  0.79702750406966572      -0.63135941486894998      -0.57525918855651625     
  -2.5096206418812450        1.3717567408480096        3.1153582551202392     
  0.28819308093774948      -0.96194127350021175       -2.7253544384582518     
   1.1949126874233034       -1.1059740237193065       -1.6876998436002135     
  -1.7816253706001282        1.7332415943548030        2.0214678222341487     
  0.51930782820655741        2.7848833006222735       -2.0346099502672379     
 -0.20304089401759612        1.0952461363268664       -3.3478261463930203     
  -2.3885567472696487       -2.1296667747195035        3.1735592028811475     
   2.0896663712553774      -0.39274868407741775       0.92635718383745802     
   1.3453732263693103       0.43589605666727027       -2.3196836167160191     
   2.7974796902806416      -0.60780152511629759       -1.3469145459995835     
   1.1636264851804288        2.6262991023544080        1.7834954460229184     
   3.2148727969283866       -1.3973455498631009        2.9917875477346114     
  -1.8725793975423954        1.0266693731368517       0.44724137893033450     
  -1.0314752167553258      -0.76536310990491041        2.1706341679320178     
  -2.4866186329472746        2.4287750506904451       -3.3542420568375277     
  -3.0745535517897613        2.1705876500565031       -1.3387206541449208     
  0.61931521448272608       -2.5133990908220558        1.9903862803109968     
  0.94814077382351558      -0.83267936578744939        2.4091852589575193     
  0.18802552673697040       -3.3151312901091639        2.9967763404988945     
  -1.8743036500454837       -1.7134921582273277       -9.1657847499791917E-002
  -1.5062134327940404       -3.2895622962745072        3.3044821635397397     
  -3.4594504407357194        2.1911966034717101        3.0446657103140846     
  -1.3506408812896893      -0.46914430759545750        3.1945260934123532     
 -0.78163723713359334       0.26160822447117793        2.9101775645040284     
   3.2708976576142157        1.5871506241519129       -3.3828550884827759     
  0.69759631043877413      -0.66159336549961589       0.59619686900872282     
   1.8298299267739313        2.4665021340916029        1.9080225931463013     
   3.1259796177656134       0.29431170061466039       -1.2113013480774115     
   3.0484065095154733       -3.2317687897509191       0.67533959928150900     
   1.7621493956393941        1.9724594033249414       -2.4819752476264156     
   3.1819790864818218      -0.45697105451005937      -0.20348477130066642     
   1.8798319873131837       -3.0466344506515903      -0.55477908499268436     
  0.55700707941563976        1.9183387122277862       -3.1010119431939156     
 -0.54599501285322793        1.5123117992075907       0.55441131352221396     
   2.8464534832009982       -2.2516089575077984        2.2645480969163185     
   2.1605193530875360       -2.4642068162926707        2.5376476509662464     
  0.37124622098155707      -0.36387286977349537        1.6789903659093786     
  -1.1996939290711859      -0.91996198119081618        1.2096617760676398     
  0.67968608069676095      -0.72558876664135163       -1.6960965823800227     
  0.75616493073142255        3.4579484144354731        3.4776730651325716     
   1.3781222868197622       -2.0349655181297148       -2.0404300440838758     
  0.81257282493938887        2.6602016120423513       -3.4183008855023447     
   1.8317876753512805       -1.4582547297137798       -2.8891126931435780     
  -2.9692939788395152       -1.8123288199823973        2.1646437910733094     
  -2.3118524937732654      -0.73409395547409440       -3.1235837009228407     
   1.0131566020076155       -3.0789211476224811        3.0893739540703073     
 -0.72344420448370339       0.90506752963286430       0.71213487338085202     
   1.0983378324660835        1.4339339899462311        2.4846677522931282     
  -2.1092602227301320        1.3949559066487840        2.6307061438108996     
 -0.70703334518380079        2.6996929622929575       0.85881040858476554     
  -2.2847866298778019       -1.8707148212601947      -0.51312369134566094     
  -1.9218313962603346       -2.4295542117131785        1.4987420304885981     
  0.16677677762700599        1.9789572107060627       -1.1887043304131253     
   2.1576617527313524       -1.1132325796527720        3.1264076633645645     
   2.2564994770166460       -1.1140208524671009       -3.2695771081235372     
   3.3093042949586540       -2.2360421498194123       0.66837775750926798     
  -1.2914861228653152        2.4152410368549981        1.2559574747907229     
  0.78503002273337397       -3.3818732002865151        1.3418225471515710     
  -2.6760869660376772        3.1647954424445865        2.8998895106137188     
 -0.31726050902304381        1.8038773382968558      -0.80775659692562252     
 -0.39256634904524618        1.3807893383829055        3.0517578384696726     
   1.1340702097223068       -1.1355966466008665        3.2854721254533548     
  -1.1092027729449974       -2.0759288245073497E-002   3.4659824878730143     
   3.2589589615694621       0.60069055521832437        1.4596338150614203     
   3.1787909008147706        2.7942661633105650       0.46018227941055856     
  -1.6902139492696466        2.8971162004205699       -1.1593252098783178     
  -1.6201147583867017        2.4783013027193763       -2.2492738624943076     
   2.7795925259906111       -3.1721795371617580        2.7964237911804610     
   2.6087335604723596       0.18985395161768009        2.0701372091029637     
   3.2465279895917107        1.1224210291359418       -2.8160209276364698     
  -1.7237143261051267E-002  -1.4071021405118354        3.3130944311046155     
  -2.9237225134693317       0.84482411774081745        3.1348465968001924     
   3.4015400967993790       0.73968087892446588        2.9471923839468239     
   2.8551347901626056       -3.3383486807323619       -5.2039425712653638E-002
  0.97267958835820811        3.1110394040127138       0.74489717334698746     
  -2.9865832598308404      -0.56518185350916195        2.1203517691416613     
   1.0005841341749093       -3.0812478113912642       -1.9342737366415625     
  -3.0966899231649916       0.57961044847416154        1.3120907091390941     
   2.8885378431969952       -1.1483722074629401       -7.3851088697252473E-002
  -1.8476887875404591        2.7626836049200123        2.1956958366627917     
   2.2922065641886129       -3.2643734896918097       0.10413141161943054     
  -1.0450289412586549        1.8086662472695718        1.1286364638899002     
  0.21807618453290914       -1.6090192008160766       -2.5016528904843769     
 -0.96096390505366214        1.1279501422822364        1.7203700263371220     
  -2.1626841955746494        3.1936646281226380      -0.72652227354332799     
   1.8785917742094957        2.7484884348249459        2.7934796623659044     
  -2.2667198121390100        2.6884134226785443        2.6386528569340570     
  -1.7274768480273262E-002   3.0499300253361823       -3.1943138143277552     
   2.3253531803578587        2.2667684896181433       -1.5337014237100273     
 -0.83060313670127606       0.78945660628523229      -0.29745814364589584     
  -1.5371506302394791        1.1487406020786741       -3.1606711991241516     
   2.5859946856924805       -1.6993668975457916       -1.0115077407332744     
 -0.43183318945056615       -2.5346705611563580       -2.3941668525756548     
 -0.13400460969247616       -2.9562382559974916       -2.8907510367500771     
  -2.9101138402564586        1.3300117679605115       0.65818973522194035     
 -0.74665435332983143        2.5468718475235526        1.4733333248441585     
  -2.7960312020762674       0.70707513691804180       -1.2852853353803584     
 -0.16841836862198845        2.4060685878003700       0.58864475458215082     
  -3.3331327734125584      -0.70568498438851390       -3.3038419553341334     
   3.4383978681747811       -2.8352175468575842       0.42421735684413941     
   1.9935823569498823       0.22640475411940220      -0.88133791692233787     
  -3.2536999532410698       -1.8670251935542936       0.22370193758329732     
 -0.85051969125332927      -0.49727191424948619       -2.3522830753992534     
   1.8586396742433597       0.99839147950393881        1.4966063704514847     
  -3.0636086950117329       -1.6145504991868151      -0.90475066382970415     
   3.2565373355998855       -1.3961383575640729        2.1706700477640832     
  0.81288763593098901       0.83779156895042239        2.2351817620483048     
  -2.8947029499421792        1.1253054401245333        1.6642871979819387     
  -1.1708827925174286        3.4468702464185754       -1.5245651495842432     
  0.44712150869509470       -2.2558166562395594        3.1692429533116866     
   3.4074285725070514        2.9189544603830573      -0.11248850278575898     
  -3.1910534579391650       -1.9405516559626756        3.2427364992521470     
 -0.92120963052379390        3.3620689584409353      -0.85792216013817124     
   2.4947760384326219       -3.1147700339038065      -0.49923462094739535     
  -1.4649356413349899       -1.9860674481242679        1.5985465193896584     
   2.2210860812020096E-002   1.0784776732936250        1.7425820362331412     
   1.4471677359138215       0.74571076536432035        2.4047817786681684     
   2.6792026018333739       -1.5458843860467195        3.2397889324979596     
  0.15283758517910689       -2.8065280649035280       -2.3000470510286850     
  -2.1319624245774413       -1.1275396632273620        2.4508299851944724     
   1.4089398616812039       -3.4622922713435562       0.75514490625776787     
  -6.9650547933535423E-002   1.3424353829903735        1.2181973223236815     
  -1.4003961609499036      -0.83052208004904726       -2.3574924628604323     
  -1.5539085619003101        1.1332016537798206      -0.45133632530956003     
  0.56576092736480588        1.3308778332853177        1.9438620612504238     
  0.88703647816995235       0.34617697133932601       -3.4030151614812794     
   2.8312645149359263       -1.7183856225248244      -0.34221395369678453     
   2.6523614145632579      -0.52639886587495743        1.5653282850281412E-002
   1.5493816393795556       0.50546604335530698        1.3077310464009100     
  -1.1443799848582230      -0.81397971204734731      -0.68813450500917039     
  -1.2069174000413723        1.4417733823418550        3.4035824625881177     
  -1.1459086965879790        2.7406325556214819        2.4826182200843361     
   1.7061135445000044      -0.67922559458991705       -1.6495478162428701     
   1.2306982085028129        2.0799348592860567        2.2372913226019122     
   1.9730174154316695       -1.7168331712465297      -0.21308515535124015     
  -2.0138885582832344        1.5346552275124103       -1.9920955581725214E-004
   7.1066852388353349E-002   1.9383127716947499        1.0739769188751180     
  -2.6001573880600759       -3.4772278293413867        3.4248239899170092     
  -2.6054039699719138       0.28279450848641735       -1.7490991540666008     
  -3.3477084311455410      -0.70237942335916004        1.4331740711193659     
  0.67590315655117550        1.6262453845873366       -2.6148182544192657     
  -1.8274382905382751       -1.6006174714951036        2.0137501703909608     
   2.8261961924291388       -1.9299212690073311        2.7703439989750858     
  -1.8283412248327842       -7.8980603726574727E-002   1.5658836027188534     
   2.9827929427226652      -0.92410586187165256       -2.4886633889970984     
  -2.5234132717848268       0.86581867843144855       0.32632610012059116     
   7.2118563696483479E-002   2.4360233896762256        1.7118369393139963     
   1.0185784776009008        2.4833245129983053      -0.57205344292063176     
   1.5815692507958876       -1.4943874152865637        3.0473004569960591     
 -0.78464808346953241        3.2247129185818006        1.0867844581160433     
  -2.5997788322516633        1.8921452007518833       0.53844217297085550     
   3.2888205743425587        1.6738237643513647       0.17950476587419920     
  0.36506292933859852      -0.94432074178692293        2.9689936878365191     
  -3.0757449500306517      -0.93169311650563091      -0.65959753702265567     
  -1.1881700129612514       -1.3786978095372344       0.13085501899285487     
   2.1738425792034062      -0.36350807935072194        3.4812500025809947     
  -1.3913850797260716        2.6594304126905146        1.8340847442861328     
  0.50328855319345589       -2.7021796612636995       -2.9012161903213176     
 -0.65385184533957363        9.3950683808122021E-002  -2.3389735327221866     
   1.6539173802725868       -3.9845830429367970E-002   1.6582870308655746     
  0.79994182673754155      -0.69461901663506720        3.4807559454700665     
   2.3889358493933446       0.62310965060886159        2.7840771700199225     
  -2.5969937850586748        2.9050852018232769       -2.5684778176143186     
  0.76502911484095248       0.70571136666816359        1.5551340816376342     
  -2.4279346411527816      -0.70161682013593596       -2.4182767904795472     
  -1.3354850925870111E-002  0.46516529422985364        2.8865902983529099     
   1.8169769585221565        2.9840978786851040       -2.9992504255837158     
  -3.2961383040805003        1.4776123887168371       -2.1804230887837059     
  -2.0898576940289493       -2.3563253644330278       -2.3936291721326799     
   4.0579751618638471E-004   2.9760127241132182       0.65610332965837936     
  -1.3605868134198575        1.9073106529949193      -0.42365059624395279     
   2.2308121562100034        1.0891708958673372        2.3731032938820729     
 -0.80554378883453592        2.2309887018897419       0.42129512862780244     
  -1.2179430568315697       0.59776702375786628        3.4502491335911594     
 -0.47642787213862797       -2.6448145487435011        3.4597005704108486     
  -3.1140772108491741       -1.7515216128237658       -2.1505357438866843     
  -2.5839793702993616       0.69279144416532923       -2.1602916917008632     
 -0.99602581746864172       -3.1740564003042158        1.2389177389243242     
  -1.3953671827132672        2.8091987833967864       0.79235936557278475     
  -1.3843560492038134      -0.58284885369063077        1.6442468719787118     
  -2.7777874158436102       -1.0105450183203688        1.6711547714027235     
  -2.5460848367013091       -1.5002250632313818        1.8887028772107810     
   1.4103723279925391        5.8305687249899693E-002   2.3183027595290806     
  -2.7883223615627561      -0.43232697603259379       -2.9228425713477568     
  -3.1255629717092548        4.6319784955892243E-003  -3.1921296401731531     
   1.2068705864973819       0.18238448314601052       0.43063187245695328     
   1.6019073612870567       -1.7736489149862369       -1.4661010593109307     
   2.4678622739971585      -0.67860496983117990       0.56581385849172638     
  -1.5522141450602980       -1.7314765935183536       0.43851640854984925     
   1.1725226033344469       -3.3707576200116010        2.6084870247128817     
   1.2891309458911406       0.38551089065731864        1.8533187901952071     
  0.20402224668722838       0.60423968538946471        1.3149361259271877     
  0.33010874587002592        2.0398680148397199       0.56779510801918720     
   3.2868690154566460        2.2529313049727913       -1.0050869890129177     
   1.1840639450540893        3.1465431785517795        3.2415228675276810     
   5.9621955590977903E-002   1.8834815404088523        3.1344649670725149     
  0.54756274063976818       -2.8580466981685095        3.4209116397714792     
  -1.2484742064127794       -2.9251626090535487       -1.3891728799838174     
   3.3171086009298703E-002 -0.42703786450177333       0.63755320176160335     
  0.32591191393807739       -3.3713139973921100       -3.0783397606779084     
  -1.6040676265836611       -2.3208925086261649       0.79635078903717105     
  -1.2622747147830000        3.2629792448055630        1.5420749798843727     
   2.2091756374725087       -3.2193357376714005        2.9745251365310739     
  -2.2710442950308014E-002 -0.55879325762611476       -2.3750047093536639     
  -2.6738368516299085        2.0453455320265883        1.7057068179586559     
  -1.3718323162897077       0.87843248911985539       -1.9723240396023913     
   3.4378403881513329        3.3972837734005981        2.9933382574673062     
  0.52847649197614655       -2.3977465432693863E-002  0.33966770214770770     
 -0.31723860373056234      -0.19618181058961745       -3.0215591356191327     
 -0.88649892925123974        2.9360754969578271       -1.3553658691793762     
  -3.3520641546346392       0.38307787308411095      -0.75569708565373428     
  -1.2783406521452072        2.5283784768135105      -0.92412836246231844     
  -3.4928138414636511        3.3883174789768575       0.82254987401817836     
   1.6604189121497337        1.9181001713311825        1.0070034227524023     
   2.7990612695389654       0.21823115954744132        3.0649910981416570     
   1.2692345689480531       0.81035115332539864      -0.88021956615413366     
  0.26754589165891018       -2.6665041253892605        2.7236726391889023     
   2.7386813987639553       -3.2472610467860852        1.2102449858623103     
  -2.5353112477802484       0.22135384886731918       -2.6490904971927565     
  -2.6284448206543720        1.5505707620095717        1.2800841210338667     
   2.6209600900044623        1.0406376569384111E-002 -0.88629032442636291     
 -0.64254845447987508       -3.4718225819735768        2.1402086528505526     
   1.3805384897374537        2.0559902402500438        1.5350426323090536     
   3.3090077652349881        1.4062971890212101        2.9410435625779221     
  -1.5601492348498169      -0.74344504664773359        2.6303224562006036     
  -2.8935605242698754        3.1251718481865955       0.75941902904807701     
 -0.34171484474551878        3.0898855721233551        1.5846160125711137     
   2.6377269033816084        2.7883640379048091       -3.4835623659062076     
  -1.6509582356872019       0.14282456733208765       0.32165774237407474     
   1.9344413662530335       -1.0140604510115734      -0.28993212277019909     
  0.20625909978576640       -1.0857967736816185       -1.3919113253548407     
   2.9669619424834694       -2.1658585551582745       0.10376469127923496     
  0.10969959008898657        1.8489256409150019        1.6818725015066722     
   2.0737409108352183        1.3956847832303581       -2.0872672284837459     
   1.9628000168594917      -0.30855409847771736        2.0955663122857415     
   2.4072255062533555E-002 -0.15735965250108702        2.5601626742110803     
   1.7635189822944715       0.42419674604534502        2.7713753121718474     
 -0.73066428242576409       0.72117018233960717       -3.1242010229505062     
 -0.16990356549492353      -0.51799944698227407       -1.3498754987140338     
  0.82483242642444887       -1.7605482981911065       -2.3326295015697687     
  0.93567609729716417       -2.4906109654720012       -2.1505112309931023     
  -1.1098483918470483        1.3697828064350301       0.60853755849600821     
  -1.7523805755690853      -0.32465880136733383        2.1878310473618616     
  -3.2835289946295929       -2.6634093084191783        1.9365320074453005     
   1.3904672905355226       -1.6573626391539042       -3.3437224288325629     
 -0.13565279555886697      -0.38173129759141183        3.1897761500925013     
  -3.3009837365196129       -1.3653051017039690       -3.3632176044228506     
  0.83276919712574715      -0.67470032990511486       -2.7886162727959611     
  -1.4087263461056236       -2.9575766546490332        2.7754495578127973     
   3.3238423145708622        3.4640866989000050       0.26345424539140272     
   2.4496240634046189       0.84221631205854608       -3.1121056710912631     
  0.93518326736225121       -2.7642967624314125        2.5177349328854119     
  -1.5307722301037585       -1.0910043087479042        3.1726302376822315     
 -0.87500000311743042       0.12629066851778872       -2.9137261604168914     
  -2.2444318186206194        8.9178079771000354E-002  -3.1518703756698012     
  -1.6932578410284809      -0.21271636418829418       -3.2029977439492048     
 -0.55824916664992996       -2.2126557245477669        1.0785925831318293     
   2.6531782116469271        3.0018545935241225        2.8475523940041634     
 -0.15679078153849962      -0.84110018931004038       -3.2007356164545429     
 -0.15027803802801704        2.5892951722189932        1.1930610998689704     
  -1.5825385472881874        2.2286004083286164        2.2419816448980514     
 -0.35136908320608995       0.26219350586803458       0.46878081416988393     
 -0.36864736329181413      -0.78689126372901275       -1.9461483216346038     
  -1.7292529156232552        1.3059318983959789        3.1583922343404280     
  -3.2859093174608738       -1.9079165421114566       -3.0760697139508504     
   1.6256121803415100       -1.0300774544674796       -3.3984520401827321     
 -0.43961123615800018       0.20054534200834367        3.4229893622541980     
  -1.2984075850740411       -1.2537791258349298        1.6880661986101790     
 -0.10237680207068794       0.77487696447459031       0.82539141794484139     
  -3.3704224366929525        1.9859434043992021       0.65479434144251369     
  -1.0572197538492369       -2.9210948648643016        3.2739590770327669     
  0.69434710031391333       -2.2401230662025657        2.6130109899654141     
   2.7551417285086250       0.95974685859174003        1.4920143985101515     
   1.9705491917611753       -2.0151901374759498       -1.9493871683301887     
 -0.48926588095301915      -0.62565968533511651        2.7423986897586872     
   1.9059298466930994       0.27816272050177265        2.1062954784570151     
   1.3264325589792028      -0.67370108781682947      -0.21577608417795929     
   4.7873202556781097E-002  -2.4138713515124337       -3.3016772688858160     
 -0.82336151562959692        1.9994759604914771       -1.2168697813906351     
 -0.28914070761752947        1.7702403041884798        2.6378771085962538     
   1.3503252429737014       -2.2449802240454622        2.7012580836639595     
   1.1452599541575585        1.3511796154779547       -1.1550673717991289     
   3.1251723980752755        1.1483628364119398       -1.4433458520609213     
  -1.2805762953555715       0.41456714785434506      -0.10636889627392745     
 -0.86992331831735425       -1.1795111149644402        2.5911717658155644     
   2.1754583492352841       -5.2061853721100365E-002  -3.0332516024234577     
   2.9725472592207614       -2.5311710615696552        2.8973152452777193     
   3.0202829993495759       -2.8230216147275553        1.7545075987782810     
  -2.7320614271521513       -1.7291432796379091       -3.4744913655029279     
  -1.0275462015934274       0.22579523297981252       -1.6876233162477645     
  -2.2895265617893132      -0.59075428272870845        1.9530588490257568     
  0.67283404062277596        2.7329934528293145        1.4960496006589630     
   2.6855621878226859       -1.1283433520654875        2.8204592015639776     
 -0.57283219114466610       0.81911802228044683        3.2288473677671736     
   3.2224952345558187       -2.3357223502140720        1.2922346536276919     
   1.2895280553331221       0.11105952190237373        3.1792450237942114     
  -1.1324768132392875      -0.16094210249240490        2.0979419674948772     
  -1.8146918280705659       -1.4568365909358114        1.3962691228504389     
   3.3907213914801786        2.9865539699244286        2.5350592908831997     
  -1.6433676744753027        2.9250311396410424        2.7765492694291614     
  0.23049847422713921       -1.0176343151937921       -2.0947333498394336     
   3.3922935071087172      -0.56987364661523077       0.59424587856140232     
  -1.3962500772046336       -1.2906767487948625        2.2601056931049905     
  0.41262781734138787        2.5120808814181999       0.99670132755904772     
   1.6326641487105122        3.4324413986138853       -1.2467963395791606     
  -1.5613287134482317      -0.22901059868399770       -2.0256457773939252     
 -0.47713883864183981        1.1377111756586562      -0.74223428891707766     
  -1.7710399128419549       0.47435155866437012       -3.1432385690214280     
  -2.5281861928688296       -1.2722715282826464      -0.80304194493950565     
  -1.4224963738302043       -1.0912208507340007       0.57579650795898762     
   2.3074043834874902       -1.5447342672146238        2.6242351542864233     
  -1.1433716109436716        2.4926885802406606       -1.6249102990233213     
  -3.0205043197342394        1.8469821205467292       -2.5474391634596607     
   3.1483714716237490      -0.11038217835512844       0.28037006339621373     
 -0.73872780721048803       0.68900461074922825        1.2556606219357360     
   3.4707021464242569       -2.0637240503192777        2.0756886881842083     
  -2.4551173950576444       -2.1717130940507650       -2.9811791979855093     
  -2.8352812950078667      -0.17265552062186601       -2.2896605156963674     
   2.5811606258820854        3.4072129096240200       0.55766667815857063     
  -1.6882165362003387      -0.80989024459005965       -3.3475111635845951     
  -1.3530447684430527       0.50780530249690481        2.8732414932702062     
  -2.4705098909096828       -1.4375544175534971        3.0121217876537973     
  -1.9039371921088046        2.4012883372515215        1.5919915134126301     
 -0.70498630130213158        2.4853311390906856        2.1034509475725214     
  -2.1393209872482202      -0.41509778291204191      -0.59881215799710885     
 -0.36659682970282043        3.0027176870128729        2.2140526376270477     
  -1.9783438192799714        2.9058524355384772       -2.6738200607446889     
   2.9787363340853559       -1.2679908990280737      -0.70052064032762962     
 -0.67833628619840480        1.3036160680887205        1.1696441090532852     
