   1.0204081632653061       0.91415630400882919     
   1.2496741513248864        1.2601516006854532        1.2702305566996892        1.2701200691313015     
  -3.3341188822845225       -3.4555890979114192      -0.83311024485194574     
  -3.1736574956125962      -0.80506778723239159       -1.0626068288858475     
   5.1874428830649758E-002   1.3077229424111172        1.1563982939057720     
   1.0669004504414403        9.3065449486064336E-002  -1.7927427768881841     
 -0.50293874061141508       0.47672216396249156        1.6695645828113541     
 -0.66764524478260090       0.38981645705164220       -3.3140224134852314     
  -2.1432811374060941       0.22436653325795983       0.75309929606851000     
 -0.89233082833032829        1.5213310137124298        1.3191508956921840     
  -1.4323074612889066        1.1118486428563437       -2.1985415407231823     
  0.32125099725328210       -3.3867483440617439      -0.63493336688066448     
  0.67481902244004444        3.3169104564992771       0.21396559852104760     
   2.2153246821298538       0.97693365929550224        3.1142638848704385     
  -1.6991268100461887        2.0632767997633463       -2.1619556561427955     
   3.2671291523489563       -3.2402574700929603       -2.7226900426479190     
   1.5385866441677274       -1.1295075438923663       -2.9288697469874072     
  0.64405827883794908        1.9095058812787700       -2.4359165024689724     
 -0.65286649715196821        3.3746979526807355        2.9097874978428440     
  0.67916505502255231        1.9355930512360988        2.5299118846817854     
 -0.65935799605118439       -2.4193668395005030       -2.2803916610403192     
   1.9670333375528712       0.92903217959293949        1.0336797066313266     
   1.6861181885741225      -0.11476545852105828       -1.1427684068860375     
   2.9356123773753637      -0.12626650789875232       -2.7956557488178286     
   2.5068332882304007       -8.1290649907912044E-003  -1.8977755618185206     
   2.5849234881795540       -1.7567262722782335       -1.2846749930692654     
   2.0245349508200361       -1.0353108517792209       -1.7241477855864797     
   2.1305572080482862        1.1774042709854009       -2.8391527232079712     
   2.4160333715921962       0.90112859045593707       -1.4238417715284386     
  -2.1037418798785859        3.2362643128140371       0.11542910843378902     
   2.9217362861781284       0.67169215192519804       -3.3556453413002925     
 -0.14308822827762507        1.4019888277331496        2.9372084941397580     
  -1.8982018425056910        2.2724447779354193      -0.69977771873396288     
  0.30279847216765682      -0.36150195417654291        2.6941080284751577     
   2.1927217309241454       -2.2575275775384962       -2.9232704501415472     
  -1.3848923864472802       -2.5965888392757184       -3.1932555436802184     
 -0.81239848231909384      -0.85732168299327405       -2.7752772383725857     
  -3.2808003357807975        1.2093041905856734        1.7917476632229223     
   2.7124385269985094      -0.56247112285895051       -1.0139821724361373     
  0.37989936054662932        1.0614320635422374       -1.9890502076133703     
  -1.9559639615554025        3.2507656159736009        1.0215347971494961     
   1.2159132100639980       0.93040371129273036       0.47647060457744161     
   3.1615929191694412        3.0717232558864431        3.4671610106819100     
  -2.9016634495159068        2.2658403697828509       -2.3203403520811050     
   1.6578326655043021       -3.2971246462466248      -0.72833958654554554     
 -0.12436618774251640      -0.88536969076375982      -0.85673435364859685     
  -2.0040663440388093        3.3715761061431611        1.9621898700183831     
  0.96680729213471350       -1.8750614476204803        1.8672629724100571     
   2.2877552504171024        2.1050869289276930        1.5364345514363500     
  -1.8116676602291957        1.8072757587121930       0.15531470018179966     
   3.2271310269148645       0.41510955774309066       -1.4852446398632988     
 -0.24838346707100406       -2.0317413033658509       0.45109244646548824     
  0.29919471526304908       -1.0685496178064569       0.55893547474386884     
  -2.1660806530060368      -0.17154164097296654        3.1044154677533302     
 -0.17552049423047045      -0.13383978647647010        1.0595771607252089     
   3.0754457147160355        2.2876806661434244        2.7725430141730731     
 -0.82300175900689465       -2.3780890540500934        2.1076595480010809     
  -1.9153956835472679        1.6234397508611480       -3.0876446126170185     
 -0.56259733688854208        2.8361350318220460        1.3649515848978082     
  0.62623097059321364       -2.6577281525943541      -0.13086981095586098     
  -2.3830214034330082       -2.7275575034803681        2.3932874404589390     
   2.0076982523585918       0.29299550418448367        1.9310612241477256     
 -0.52203552158934008       -3.0372139578732851       -3.2057611674084234     
 -0.38265876908832291        3.0624357269869291       0.39966329848826559     
  -2.2523057361862531        3.0086719425148076       -2.0905524553706356     
  -1.2359117994587372       -1.4557331225328067      -0.98570030821923860     
  -2.3347820407264690       0.64309758403636796        2.6352660884611150     
   1.2490907470851733       -3.1770126080243961        1.3615985094036411     
 -0.13628283014024906        1.5304708225863199      -0.54978275083312544     
  -3.0077041834725811       0.87414885626930561       -4.2751661809811020E-004
  0.26557463861019082        2.6511493294676773       -1.0170337470495885     
  -2.9490940215099246        2.8429169229112516      -0.29029264686482098     
   3.2862712329441295       -1.0620471308804389       -3.2212206857662400     
  -1.8553829550181515       -1.5321150632111753       0.44242405758405151     
  -2.8367838756084121        2.0460985606692876        1.5331510178814334     
   2.6171827390963851        2.4547454961153998       -1.8297650112823736     
   1.6833977750640039       0.77210150939849476       -1.9633125376371783     
  -3.0588776315100921       0.39141126193857784        1.3036008713141796     
   1.6581449826920527       -3.1060368761634320       -2.5173060537103047     
  -1.1877886371951643        2.0868269695195614        3.0924511312955625     
  -1.4338258987709953       0.65301592189571989        2.1410406344313095     
 -0.54681388470122916      -0.69992185188628642       0.35284224365158512     
  -1.6176526385547729        1.6197048105759670        2.0783380919603487     
 -0.64343040113042982       -1.4681550890332320       -1.6851444754501128     
  0.28686441695082260       -1.7255302963890740       -1.0777496812083680     
  -1.6920883721329028       -3.1670123490253976      -0.99641280566803581     
   1.4447430754867434        3.1614552588200588       -3.4790068691688494     
  0.92277049690226753      -0.78822566365413460       -1.2046822322148363     
  -1.9703264386222137       -3.4408179950305167       -2.8118369319106056     
  -2.8237732319251765        1.3448290806625489       -2.9031410517947878     
  -3.4270530093932847        2.9425067296854408       -1.7926071585223837     
   2.4165579795854479       0.26079278036009740      -0.51645536723447694     
   3.1970181634799255       -3.3142326745975743        1.3463924162995293     
 -0.76918739458810781        2.6290695552305774       -3.1388205538624105     
   1.8841570800329273        1.6339814298940498       -1.6725657983311628     
  -1.6251030654221303       0.31987357737968058       -1.5518793261966186     
 -0.99321802961538463        1.5752307346658052       -3.0145302526396147     
   2.8186425878086774       -2.8276335173394824        2.6577233134432303     
  0.77304893655940399      -0.87694689767963940       -3.4212666874458337     
  -2.3774842051269705       -1.7307476587135850        2.4818500157977024     
   3.4670159877637681       -2.2329733322438177       -1.0982052150143333     
   2.0986860977764121        3.1145405720795978       -2.7263372065102871     
  0.97855348557138011        2.9349125746017792        2.5730603395631571     
  -2.2706773716909003        1.1549950411024026       -1.6199404448447081     
   3.2738668147294891      -0.49477868212644482        2.5071848437864306     
   2.5255521632889808       -3.0904703229892698       -3.2944891474387301     
   1.3195744353239509        1.6874094637651145        1.5900274649788717     
   2.2907761920181993        1.8271952785815488        2.4275915793709544     
   1.4336923740975154       -2.2757033288142603       0.98431476416465524     
  -1.1877002225345452        1.0503968165458930        3.0890924857412938     
   2.3713812675788901       -1.3006635292787041       -3.2740353329281353     
   1.6186072999172711       -1.6036817449407441      -0.81330996068336092     
  -2.9833667361068303       -1.2056476384959616       0.92474523628789873     
  0.88359757754581070        1.8332815344117543       -1.3336394528610351     
  -1.6350120231787830      -0.58522319073637019       -7.6609872558576486E-002
  0.43058337492351917       -2.2813813253152744        3.1821910068832073     
 -0.24620031854911981       -2.9369845080294286       -1.4763988846245835     
   2.4100163598440476       -2.8345147477822468       -1.2322338552228422     
   3.2554157752971329        1.9071051765275824       -2.5735805277855026     
   1.1873359012361571        2.5576455186807996      -0.11030661464266345     
   1.9601079244164337       -3.3358061013279854        2.8010888214553598     
   2.8306459106666617        1.8751773377089689       -1.1114324750282041     
  0.33019033135787057       -1.3101696438879828       -2.0089993909949806     
   2.0348093426602127       -2.2250769564615913        2.8874879509541240     
   1.2015055246041766      -0.72284640059329175       0.38087390269642574     
   2.9827369876106724        3.1758947567122942        2.3576397899780797     
  0.67335231467932766       -2.5579736221289400       -1.0913529950823739     
  -3.1432424195047979       -2.2142799588089419        2.7553565532519095     
  -2.9381131986513025        3.1552723357819876        1.4751213768558620     
  0.40820875176255844        9.2506734716039291E-002   1.8518692006448958     
   2.9540647246291720       0.94907197914693953       -2.3001356508802338     
 -0.18915485811788538        2.4916337481118163        3.0103157520040380     
  0.26815112019207654        2.0817981883142531        1.6692317307043794     
  -1.4635964471644216      -0.18765415375968067       -3.2434493325682858     
  -2.9743180961236093        3.3131294324262095       0.56556017292393945     
  -1.2394006846931713       -2.3860232946275106       -1.3728360463558502     
 -0.64175688274852116       -1.4216120724910088        1.6668518384838340     
  -1.4916826025163856       -2.2506821713910372        2.7327847629256814     
   2.2195910928736455      -0.50243109487576754        2.3444898355444077     
 -0.59297872873996427        2.3412568310803907      -0.93421629905570558     
  -2.0679199639925261       -2.0736795463128472      -0.31776063870106402     
 -0.25136284312253071      -0.54985177369430982       -1.9196486291422312     
   1.1463200897650467       0.62234555506054612        1.6306237507282575     
  -3.0265396856370392      -0.43571650040680221        1.7364004239784832     
   1.8281838331268931      -0.69502033366771221      -0.34083554856097820     
   1.3764151931432878        1.6038518423070207       -3.1539219700792387     
  -1.3822185016221358        2.9055163039295082       -1.4746262161720716     
   2.1683486906980587        3.1941611289720973       -3.9245112875599265E-002
  0.91537470408697841      -0.47851221755033441       -2.5125671924271131     
 -0.19626226861977186       -1.2803427877980080        3.2542985314848436     
  -1.1728497953336015        2.5429926618974279       0.68666744193298079     
  0.68200138262196175       0.19543611388091453       0.80642875522120983     
  -1.0360028776855759       -1.5083911622816260       -8.0433730469487236E-002
   1.2700548050191820       -2.5280203802368364        2.4517671580624003     
  -3.1351637496561415        1.1269261787713643E-002  0.41644286796128305     
 -0.99415905178065134        1.2886844411731915      -0.29108744585704238     
  0.44496108059004330        2.8990981450589617        1.1100684712478750     
  -2.6323666903366512      -0.87302940534984630       -7.2963226743339923E-003
   1.4809107385023670       -2.7894429821191320        3.4931791688720026     
  -2.3077539326648298        2.3981533714044532        2.3361407840903681     
  -2.1988050096277987       -1.1636944117912245      -0.80611084252083032     
   1.7030573380306340        1.0386779100577959      -0.81161615722466407     
  -1.3478499128245436       0.63390583926446653        1.0684430173797548     
   2.1284145665428760        2.7336645962845130      -0.89066220307757171     
   2.9760510069041550        2.8002902727205590       -2.6134033204116114     
  -2.9117277219846094       -2.8421692407855459       -2.9084179918434905     
  -1.5572504131032978      -0.40564888679648597      -0.97028897809500314     
  -3.2823403360657450       0.33449183093645851        2.2299689927818775     
   2.2827079802981185        2.8855243225561691        3.1680499744713644     
  -2.5830348033108286      -0.95162805365397096        3.3950300353520713     
   1.3259203338087169       -1.9118552827867161       0.14497027480790345     
   1.5781238237706459        1.9480170267420753      -0.69372912723600066     
   3.0536304400262217       0.91570581530116546      -0.64126409797740269     
  -2.5359786870945196      -0.63636953938898577       -1.6964973605828981     
  -2.1225143511849551       -1.3042800388235944       -2.8804541987308192     
  -1.3099344487589120       -1.8120443977386262       -2.6206104725096218     
 -0.94715961367513457       -3.2695861376956175       -1.9921930051649763     
  0.10910074662118323        2.7089269537009457       -2.8261718592581553     
   2.7563923803103307       -1.2526533221498766      -0.33067253335062613     
  -2.7055070141576407        1.7798101208515593      -0.14331346123185268     
  0.20902293800976893       -7.5972108876087990E-002  -1.1565934674002791     
   1.5061551135990370        2.8830870266855495       0.83369153371386040     
  -3.3783402717860240       -3.1590562985774837        2.1921588431798882     
   3.4910149743792678        3.8961315620339582E-003 -0.51875539436571660     
  0.37546047940409805       0.88560244642261277      -0.98765654690297167     
  0.84686497736438182        3.2415274091868320       -2.5310162307656578     
  -2.7291397016545456       0.68907583754535562      -0.93121325488183748     
   3.3973473925844990       -1.9815325720331249       -2.6616203807958336     
  0.82607023811779823        1.0352949806168201        3.0587361800140926     
   2.7029018418015842      -0.47680888244322794        3.2999294765305356     
   3.1838325400079821        1.1715465182463145        2.6643068016731597     
 -0.81734728184782601      -0.44769296242077627        2.9843646337820680     
  0.39986957373360521       -2.2797040041264589       -2.0478094293706341     
 -0.53787712089438267       -2.2639752627260576        3.1413049507116000     
   3.3852729662190582        2.4639269952463101        1.8342294566817701     
   1.2878830481610877       0.17486204162644212      -0.22097921513662488     
  -3.4175048426990231       -1.2984064998879765       -1.8374435041187744     
  -3.2480087430955367       -3.1775267373964402        3.1617212803701578     
  0.60000057587112221       -2.7332898519361817        1.8575982756258258     
 -0.47771950020064746       0.44653482556892299      -0.50041934562122237     
 -0.58108479014678505        3.3835400795047286      -0.93624721779559383     
  -2.3076434394885368        1.0706707656977024        1.8158255025511953     
 -0.54579219634525977       0.71104715052486334       0.56799187898390469     
  -2.0978367182770956       -2.8149253863929173       0.48267927768181973     
   2.2141993547162229       -2.4604778836173904        1.9265763604621429     
  -2.5679062322528985       -2.4928753121178562       -1.1181761569602942     
   2.5429807097747124        1.1116518257934720        1.7670251047936800     
  -3.0014355895548563        3.2068599513713245       -2.7693551842476731     
   3.2193790554654838        1.6371939337264274        1.1248174089758496     
  0.32471627127697567        3.1998786012025793        3.4293992335365560     
  -3.1167471061662422        2.8012393271628224        2.7651150964333326     
  -1.2732695279146959        1.1658859374029300       -1.2961320626253074     
  -3.3335332881501913        2.3174903663129141       -1.1304934299299936     
  -2.1744767577716089       -1.2208855033944626        1.6120543499178335     
   2.5908003161514186        2.2260622483989345       -3.2588571842487148     
  -2.8849903328279440       -2.0579804276975491        1.5228958340922811     
   1.7704648841760906       -1.2787533761834962        1.2306207380861045     
  -3.0251635505609871       0.75618375906565272        3.2477720589886694     
 -0.67356304476276185       -3.4179573451450804        1.9378129875060774     
   4.7802063509813100E-002 -0.20802259490094702       -3.3542720558101644     
   2.6184287825126082       -1.4588603938537754       -2.2773556985830630     
  -2.1107911658159932       -3.0059864588923428        3.3284255232421285     
   2.3883569014751025      -0.93129797739192366       0.61330928230548676     
   1.3289793172109425       -3.1108654777626477       -1.6137529649818725     
   1.9998452916197247        1.8631594336163118       0.68797415620189728     
  -1.2348771845712975E-002  -3.2137809432597515       -2.4484826337317132     
  -1.7448034171736249       -1.1107745459172307        2.9539683326265180     
   1.1910710648795542        2.6256332576476225        1.6873834087953019     
  -1.1190368662676384        2.8062710410033551      -0.20215498674638172     
  -1.5814295803375056       -2.7481608367842183        1.5515508819219528     
  -1.2356748169117306      -0.88927321803413728        1.2054826515983519     
  -1.1296365736876162       -3.2834330941020489       -7.4268526486269651E-002
  -1.4397083846412493      -0.45344034134410660        2.1800422655425096     
   1.1793105644494546       -1.7115423482758350       -1.6398706270611545     
   1.3344749131461220        2.3768471855769184       -2.0322627129744748     
  -1.1047895192163055       -1.5627831418993408        3.4787704478113981     
  -1.9246424766538579      -0.31851635598388750       -2.3768633147105289     
 -0.86914612690526716       -1.3140556831894790        2.5802392550350759     
  -1.4945858676210375       0.51763357454988446      -0.23403055183786095     
  -2.1175001652248340       -1.9000781007014247        3.3519932069643361     
   1.9638127045399909        2.7232473617684252        2.1748948331118449     
  -1.0069341936543699        9.0794442957407878E-002  -2.4710550829782063     
  0.27598133590849616       0.70224876764051258       -3.1522346612114638     
 -0.99022726067719025       -3.3945995661820345       0.86383866331969983     
   2.9552096560920273       -2.9479618574939117      -0.45418039021825973     
   2.1498272061380250       -4.1727810136856190E-002  0.36079208421127379     
  -3.2077607715574312        1.4900010854560322       -1.8793428870856983     
  -5.3188231701502033E-002  -1.9704244770680246        2.3916339142549679     
   2.2068558485524989       -3.4328558020285671        1.9156558589685104     
   1.6117872398674231      -0.23664842538807601        1.0785017704393107     
 -0.45574212082185628        2.1116636233828006       -2.4026263762384072     
  -2.3867674472920761        2.0667731557998743       -1.5158352926647827     
  -1.3485398385035059        2.8883132444059436        2.4834351091253883     
  -2.9571259043215412        2.2873837951598004       -3.2550368445071709     
   3.1069364092063991       0.52343748602146556       0.33965682556764287     
  -2.0915154007230803        1.5283679637871386        2.9481314961083669     
  -3.2082867635189087        2.2476193606610213       0.69824619127606502     
  0.72395242011668126        2.1766615140590893       0.62236186102254576     
  -2.5550247519944329        3.0073971767786669       -1.2011933343595596     
  -3.0539237705997100       -1.6753765695546510      -0.53402307862590670     
  0.73099599589948783        2.3047087203965151        3.4282594930498043     
 -0.74416927454722215        2.2422741417289456        2.1256988622321678     
  0.24509897478362719        1.0680733908931093        2.1325627394138871     
  0.28372570477708769       0.19730811654031877       -2.3215086452076736     
  -2.4155866800233321      -0.22560156402892001      -0.64540609890151635     
  -2.0614433655711943       0.58504577626785426       -2.7770499432159523     
  0.55957368448464095       -2.8253734994384065       0.78446393302014894     
   3.3032059682896775      -0.71817432266486858       0.32994156244999157     
  0.84081827271577814       -3.1962618258118645        2.9189510481616061     
  -2.3695730802609161      -0.72243068003962219        2.3958354683233067     
  -2.4307828719345772        3.1301497445466255        3.2863194534382734     
 -0.24487172784406463       -3.0535905757161941       0.10286161283576231     
   1.9030010593138005        9.5542124463695810E-002   3.0617056730280967     
  0.14960583158098109        2.4865302116376675      -0.11000683594744179     
   2.6203387304698271       -1.3595496048925222        2.7098821152881576     
   1.1740954877021774       -2.0972856247257288       -2.4989106040172833     
  -2.3659052607748632       -2.1503377123530938       -2.5961769846971081     
   1.5684108161476056      -0.94900572405163641        3.0444069604655923     
  -1.9495057194958914       -2.9292191787416550       -1.9278602627569077     
 -0.53339926825461448       -2.5641119939069918        1.1920132002734281     
  -2.0936144731812760        2.5800446518765412       -2.9436701258239757     
  0.83803541230324097        1.5886486859052469      -0.25214624750306575     
  -1.9524807406057367        1.5478778969732288        1.0836724441233279     
 -0.46203803673544452      -0.38874029719574743        2.0451550570286798     
  0.42925323946799709       0.63704001064366766       -8.0722810937983114E-002
  -1.2358245384644926       -2.4866342644474568       0.46192813212906830     
  0.67726500547831348       -1.2583094503165950      -0.27384829090534357     
   3.2543352179622538        1.5247179931455270       0.14757768744705657     
  -2.0522833582313891        1.2948113124418452      -0.71334122878638584     
  -3.2939617146533737       0.55485977369298345       -2.7649068150037337     
  0.27929536456506893      -0.32094019102917681      -0.10501375279140127     
  -2.2467537006398723        4.5986880237542868E-002   1.8834780130365705     
   3.1198410395624498       -2.1647656855839363        2.0431312892383797     
  -3.1874952845954203       -2.7857061206513909       0.69915238469434393     
   2.8352319942348658        2.5567176646303369       0.65843935509222884     
  -3.0107133307688501       -1.7780512887665849       -3.4135261383880753     
  -3.0768699257753882        1.8756518598270582        2.8905443583339889     
  -2.8570580082967441       -3.2709809330142834       -2.0273941702260680     
   1.1613169449706189        7.1791636939299630E-002   2.4489989522922513     
   1.9035852059165170       -2.2397879148045767       -1.9521706558203271     
 -0.29211805566702997        2.0973776880220085       0.84588584075785878     
   2.4153676231968850        2.1205675504064807       -9.8180291307873799E-002
   3.2836588343408368        1.5906757594868550       -3.4799027491518273     
   1.0237999799981499        2.0279759414049584E-002   3.4753395534598694     
 -0.67045012856409281        1.2527894357660627        2.1757564983054825     
  -1.6897094943226714       -1.0842944109523243       -1.7632305998468982     
  -2.9467156211009016        1.2553054503514169       0.88906290798793841     
   7.1993719069936374E-002   3.0022281170668790        2.0914091565271824     
   2.7752171114410702       0.30831821561194855        2.5650482033798223     
 -0.44536170539802489       0.99971693356462199       -2.3974197160076844     
   1.7240419280422337       0.11337480204378142       -2.6500744694161931     
   3.3708787655562666       -1.7782647542289070       0.44787801161374508     
