   1.0204081632653061       0.57588238229697175     
   1.2492214179293359        1.2597123176678020       0.72819865116048810       0.83712944934012390     
 -0.35656872872559414        2.7289962721270018        2.2668431592401781     
   1.1380113407881709       -1.8422717626439660        2.6355631599580369     
   3.1810331355169336E-002  0.97248649850868996        1.2465627912906962     
   1.0823289730624566       -3.1701613281254297       -2.0884888528254573     
  -1.7716918098923080       -1.3325366860444932       -1.8289184966718044     
  -3.3921471047637004       -1.5830726900707857      -0.65459397496034821     
   1.4443395481972767       0.88615429387462363      -0.24039608679385777     
  0.82583365035880141       -1.3199421441757133      -0.56477260479676583     
  -1.4280551370234307      -0.92348295176657791        2.4948875078948807     
   1.3867530153066285       -2.2673982825624068        1.8848854889865074     
  0.30458405283699230       -2.5980761759738269        1.7484184312982753     
  0.41573661987684774        1.4514886374263669      -0.69906081106161477     
  -3.2969619296436501       -1.3569720474537628       -2.4702120151828826     
   2.7606496098538078        1.1876832880387209       -1.2165380531895349     
   2.2787465433700391        1.5100367825046670       -1.2601432571976632     
   7.6313203594164970E-003   2.9462320711701544        1.8577763424357390     
   9.3744786612706021E-002  -2.0378556672743851        2.3622731719972978     
  -2.1156540203652350        2.2022293280831278      -0.87305513142234670     
  -1.7300478565114421       0.76786289224221949       0.52690496168292289     
  -1.2771224150399472       0.40533870918722742       0.49396849332809800     
   1.9614677324252272       -2.9594176301508108        3.2985102257005345     
  -1.3780145160164465       -2.9444042396514103       0.51033353142376525     
  -2.6849404047272949        2.8019780708911717        3.3711134154884763     
   1.1462621301265541        1.9141847345308862        1.4681168817626324     
 -0.42293715999725551       0.41061170883805176      -0.58503448139237879     
 -0.27049171481164741        3.3375239801335348        2.8313091958853569     
 -0.91185151713274737        2.1467599062007596        3.2057697285131432     
   1.2954614729642904        2.0679843633895016       0.50413691919921011     
  0.57662357527252472      -0.83654590011431729       -3.3565931038741816E-002
 -0.68971014761575000        1.0715218854786337        3.4221011755659809     
   3.2944404463854835        1.9670111174494367       0.48105579755409877     
 -0.41372025144767993       0.75921780921338278       -1.3873816394473879     
  0.57049738761078272       -2.6895260338401310       -1.5825829871508392     
   2.6454887719031221        1.7694330431697434       -2.5094341029388976     
   1.3063088792624178        1.3647450181679450        2.2586310412145876     
   2.9684884286082145       -2.6905673471401843        1.2103462705093055     
  -2.7864652299645232      -0.71284852179848124       -2.1677551148180596     
  0.29795394439121820       0.40168527244697855      -0.45400069048360464     
   1.7292259556137950        2.1080223175551125        1.7047067039247585     
   1.3674762197363806        1.1267661670909921       0.45899720861825460     
  0.96237491180934642       0.65131002054590847        1.9527246901562740     
   1.8299594336759568        1.0858873621704321      -0.68917130401314231     
 -0.77384640570293728        1.6027785076636061        2.8517639970715383     
  -1.4943715743650146        2.1600377670058499       -2.4271285388300781     
  -1.5338025642276711       -2.3013360884618232        1.4736006594051783     
   1.7574583796814860       -3.2636173600031979       0.89782299063398019     
   3.0645720157646843        1.4104001222631026        3.0841791453596041     
   3.4523473718461273       -2.6105662946168406       -2.0150161712376122     
   1.5695541939306850      -0.79732953334222212        3.3054108530587691     
   3.4038334436758291       0.86531461945746047       -2.5995546056557761     
  0.44114850001561046      -0.59793249280376859      -0.74138148951508553     
 -0.52662864671316201        2.9193007866997522       -2.0811972167762360     
  -2.0260176795595894      -0.78670114735601371       -3.2352736219945917     
  -1.0419258005587717       -1.8871630500476677      -0.39978826337277601     
  -2.0452268765423347        3.2367413816223403       0.44899375867256663     
   2.1917705686906550       -2.8012570255285021        2.7073750543553143     
   2.0121824375242383       -1.9917439029866000      -0.36535829415835180     
  -2.4419080771336228       -2.3057022863988230        1.8558666647804414     
   1.3552914093690858       0.70478358107828942       -1.5480972263645341     
  -2.9472419110785411        2.5590524291337475        1.1555693677044709     
  -3.3509353708833420       0.72519932477611604        1.2591526941482554     
  0.38188277150475042       -2.4729808041202945        1.0548095069073271     
   2.4300800102804638       0.47385157909074033        1.4922096592332805     
   1.3572729517775746        2.4838647475214422        1.2781584224034916     
  -2.9928569965947021        2.6458862921779018        2.7506632425803099     
 -0.91017114331434590       -1.8336261641169567       0.39763518229636147     
 -0.26308117264920139        1.1246263806835077        1.9224510402309058     
  -1.7626154461713057       -2.3375098168746513       -2.0200511811232600     
   2.4744271069760133        8.1042637842741336E-002  -3.3475895966454905     
  -3.2835372845195598       -2.5755570785344477       -3.1709875611555973     
  -1.8048342166024218       0.81699290268669666      -0.86283090431392107     
  -1.1758474595988562        3.1144685966736505       -1.7378447127169909     
   2.4964919548609483        1.2973589167926811      -0.46187519736187266     
   2.8044121021850499        2.4850408540757067      -0.51298422019261725     
   1.8191483634594596        1.7948303346495211       -1.5770171194890688     
   2.7973637975893419      -0.99078652514591525        2.1230678621320727     
   3.0705703400857587        2.3810379803880721        5.6397359730275078E-002
   1.7710591800710553       -1.5707211942431789        2.2799105298980487     
 -0.18537025872456342       -2.2286788861704268        1.6293558800281303     
   1.6583739851099322        3.0289334788166862       0.94912836442651560     
   1.7209590866238351        2.4406773026540969       0.78833008334566534     
   3.3384663031802764       -1.1180850582162378        1.6750075854038859     
   2.6930364378356821       -1.5549680916350825       0.71826228790837821     
  0.70675576243818328        1.3400072841894195        2.4131322128558863     
  -2.3794598728997709       0.61734277426269835      -0.65804053553430453     
   3.1874059005986638E-002 -0.57480376029877112       -2.6435398110018982     
   1.0075979739065117        1.5929656509106911        9.3378175060406549E-002
  -2.3967690245811282       -1.2016302726879511       -2.3776318541609753     
  0.50902470164721170       -3.0479247644162193        2.0799797182672304     
   3.4844243624616165       -1.9788919796125819       -2.9065280855331226     
 -0.37055380683471045       -3.3969232380052947      -0.89194683402667041     
 -0.59492796751020149        8.7488908046712086E-003  -2.6852441291058917     
  -1.0911708056634353       -2.7160612814083707        1.2235610535011745     
   2.6183038588432024E-002   2.8568009252511035       -1.8709434540024870     
  -2.6579559209526171      -0.77123885648133628       0.52903375191435198     
 -0.79285478733774151       0.51149715100411752       -3.2918236042924041     
   2.5855305351738846        1.4361050949075800        2.6432553973109032     
   2.7616906649057058      -0.43288499254157864        2.3832263325429834     
  -3.8388274894435442E-002  -1.1556533841799090      -0.45532577041818184     
  -1.5691104880498012        1.4316460451920330        2.1887093771846000E-002
  -1.1098541246485818       0.28632717851157519       -5.8265152116782376E-002
   2.2305866762706659        2.9265130488289657       0.79848131599544081     
   1.6076841259498433        1.8158733184037614      -0.97439891755886543     
   3.1427844337679738        2.2881631166172620        3.0177322926912473     
  -3.0586762876364575        3.1149713614788972        2.1437550974335196     
  -1.5920342291261478       -2.9167520623756218        1.4381024164902843     
   1.0864439592849462       0.63468084987081841       0.21080431434196140     
  -1.9201187419696086       -3.2260134757775485        1.0461058489301358     
   2.4640875478357325        1.6970036785558489       -3.1216855340518266     
  -2.4853613770380525        2.4151962050519731       -3.1728466411092096     
  -1.0027841395856500       0.13672083654933001       -2.2663270217313460     
  -2.4705770627137960      -0.66541375155087190       -2.7529294593911464     
  0.52926572917352821       -6.3191468960558939E-002  -1.0389723852459016     
  -1.0001942556105379       0.55002616388189929       -1.4805928666926835     
  -2.0593083429526842       -1.8103358582165838       0.22407709074877452     
   2.5721568855639365        1.8815174508368502        3.1588156316414255     
  -1.8493620915900537       -1.5713660422317106        1.4374114490896888     
 -0.79899259783721910       -1.6689886684580424        1.3968895309279439     
   1.9517356099068641        2.5961394003424387        1.4245243996649357     
   1.2905865299120700        1.3946234740873822        1.0989672418535144     
   2.7546000795353796        1.9369160367898512       0.70112010743444919     
  -2.9598526115531425        1.1179813483874479E-003   2.6114232613418324     
  -3.2077655680797963       -1.9404542086135215        2.3223999807972686     
   1.2558505380353546       -2.8161009778942141       0.89128355099779499     
  -1.3890611710982872       -1.0384597815081935       -3.0407538466712172     
  0.46481080545026032       0.57855554291796574       0.16163706290068414     
   2.0185108845666915       -2.1597823081529177       -1.0055705380938063     
   1.9701388750259654       0.76582681604638836        2.4828121628626461     
  -3.1382679067847663       -2.3276443584911468      -0.23702156319179399     
  0.89983628713209429      -0.28930568589322470       -1.6039626556989108     
  -1.8490206827675941       0.15746114417987284      -0.68071392303194556     
  -3.2823445073726987       0.29133331214763769       0.73322600207205613     
   2.3741310022983417      -0.55995106637330805        1.9474539291823039     
   3.4507302362563190      -0.87170138683109522        2.7471419835516486     
  0.70600901255270088        1.1021716202636112        1.2983978098577960     
  0.88812632087873844       -2.5419330295838631        1.3662213105235135     
   2.3835680305085076        2.4379034681611169        2.2826732516628629     
 -0.29535384420635463        3.2554542560257076      -0.23782319541014094     
  0.32399723824874005       0.88435847988096128        1.7476411964061884     
   2.8123714143182452        1.8475705204518496      -0.30395001188729920     
   1.1568994817619764        3.1443794517477395       -2.4703633778056582     
  0.94866280900840205        1.7877912650987464        3.3342989095756042     
  -1.2697340215897586        3.0227017314851161        1.5730940378154188     
  -1.3252322043603710       -2.0746255420523636        2.0892105097236477     
  -1.5665990440505082       -1.6200113206905729       0.53287293332015107     
   2.8380124690314110        1.5117108173840708       0.26869109728701401     
  0.57939640604092424       -1.4651495594468604        8.0130218762472061E-002
  0.11116489429625726        1.0681740701646811      -0.23873589375471357     
  0.55771417627127251       0.27320303987090444        1.7563115501612450     
   2.5150794552662070        1.2713524364654094        3.4424985879388923     
  -2.3662816435834713      -0.44874618671360339       -1.7349993279107030     
   2.9446699136363406        1.4669541937561685       -2.8983531205889355     
   1.6002131028905582       -1.8835510227777037        3.0084573428326138     
  -2.3518564480664903       0.12738033179021721        2.7009194378840253     
 -0.42516209571494068       -3.4552085891377948        2.2033324507946213     
   1.8209822987987943      -0.95143924288450932        1.7632975919744418     
   3.4348785014200836      -0.21262701390250363        8.0168199558873984E-002
   3.0389241733405008       0.97942041308005279       -3.2012735392086422     
  0.58365211436926512        3.0617042720303238        2.1821420025099960     
 -0.72498858243293196        3.3024120611350929        3.2645499203679269     
  -1.0856003360126529       -2.2370736585374855       -2.2140067232981573     
  -2.4290706352302855       -3.0094010083895801       -2.5164740393936045     
   3.1676380225951384       -1.5328606400900413       -1.1140309934246506     
  -2.8181638494307912       -1.7346617271335312        1.9391110971586727     
  -3.1351576215289909        2.6567601644542300       -3.1270854968708304     
  0.61696058499899320       -3.2605360436688917       0.49929894277086873     
 -0.58249893853068002       0.96909478160306606      -0.36059375441535485     
  -1.4008890877669851      -0.17525979996064101        2.1043456524101525     
 -0.43901615095615143       -1.0047568138661245       -2.7725473925345629     
   1.7768482770316194        1.0032454056781308        1.0108830276654650     
   1.1922504678550050       -2.6749027614803143       -1.5936911205440800     
 -0.54523866041630309       0.89786168919390619       -2.5178014193616556     
   1.6462637018677517      -0.74864964008697443       -1.6312843481461479     
  -3.4726098271084607       -2.9852271691491583        3.4031108254773970     
 -0.83477466433612402       0.79728676662838049      -0.98222689521603379     
  -2.0691606056153997      -0.61498802535299557      -0.40396413589186747     
  -3.3089765135196032        1.5202875106294020        1.8023310052661734     
   3.4474578621712366       -1.0755317651360747       -3.0054538074715760     
   2.6842173402816214        3.2065329533620606        1.1715802577530012     
  -2.3761343226746927       -1.1569324293870478      -0.60552576050252671     
   2.7318783216486904       -2.3228124148040772      -0.10662995313143302     
  0.28820649344765342        2.4834898879481311        2.2938799544460227     
  -2.8892693981946174       -1.6454905049002462       -2.9652148294841623     
  -1.7288637688078510        3.3772043862849621       -2.9652264543102538     
   2.6715770470398299        1.2040415871536796       -2.2387705512499649     
   2.4613342446371917        2.2666035779536480       -3.4261839479716274     
   1.3035516776960596       -2.6045064178489947       -2.2326908168390744     
  0.43862275345243928       -3.3640626242101304       -1.6087527865014086     
  -3.3348826005081706      -0.43228442536853834        1.1586668080682323     
  -3.2683767065468770      -0.42687142414287227       -3.1015582383850444     
  -2.1288806932579445        3.4272337144161913       -2.0359790965393256     
  -1.9007824737691557       -2.0859348193305705        3.1355032361503681     
   3.0786139300927648        1.4765419963208888        2.1741380407414059     
   2.7697379872048487       0.41272370468456898        2.9128023556312153     
   3.1313219084011954       -1.5560826926871425       -2.6885979486416778     
  -3.4580964655834321        2.2168895471587167        2.4678796672783951     
 -0.57892021969468965      -0.92502933575209811      -0.32299207130138335     
   1.1973614552267176        1.0525685306277073       -3.0715715980196756     
  -3.3162624226228998        6.6557111423348636E-002  -3.4876207191285067     
  -2.6567772097179203      -0.34394528569233029       -3.2589774517234096     
   2.4701398534001475        2.4458679325122135        1.0725697719906631     
  0.67635771228577934        2.2921305268936454        1.1591100656205020     
  0.10445675721577169       -1.3551442361374209       -1.0883386909560755     
   2.1768671628436720       -2.2534370517904985        3.1424982782990063     
  -2.0455992304784685       -2.1294326622411983       0.85016674155487271     
  0.45784924110592679       -1.4552240617540810        2.1600904807381438     
 -0.23758594961241858       0.62480819328874238       -3.3942689413360547     
  -3.3144073497244100       0.42340897673370587       -2.8540307172427757     
   3.3686502667784639      -0.70897158890873491      -0.60176115010752573     
  -1.4152462838179676      -0.24154890717059241       0.31631482949181733     
  0.82385468709060605       0.71506827910338699      -0.81965665718992819     
  -2.3031313122746573        2.0178483897344335E-002  -2.1218595729463399     
   1.3957237179762514       0.69060273124624461        2.4915074708293412     
   1.6362004745783887       0.23052561196210336       -1.3562093975560883     
  -3.3494162740410198       -2.9018733097774003        9.6587255414816386E-002
  -1.3287871532277498        1.7538400118533763        2.6055555383045115     
  0.20327112608193737       0.84462667952442239        2.4344889834966059     
   3.2535519981437031        2.6385043620862128       -2.8321845656259224     
 -0.12904666273960413        1.1189819127865817      -0.89752076011634419     
  -3.4420552869969741        3.1903372073054594       -3.3247176508594509     
   8.6210879227918175E-002   1.9292062978236737        2.0358457935497163     
 -0.15421410166842645       0.53936794361635576       -3.4779113918120705E-002
  -1.4540052101197940        1.0829548712555119        3.4480533097345356     
  0.83790449992443750       -3.2187737553560143        1.3083013724006294     
 -0.20074626044605950       -3.2754414341695823       -1.4593644334541642     
   2.8911940859252865        2.0450279709640093       -2.9515488156113414     
  -2.6189124651670270       0.78090504645312908       0.46813213432615347     
 -0.22013113085421904        2.1542410470625608      -0.51061048341068116     
   2.9696175764340476       -2.2596781340974470       -2.6068569137744277     
   1.6710747948452223       -3.3312246032221187        2.0674738387531462     
 -0.68199741121602042       -2.2437612533654798        1.1683206804041175     
   2.2993835987981095       -1.7977280510861555       -3.3446426218504497     
  0.55501987569865052       0.38317402730687000        2.4079733391184432     
  0.77456508794067525       -2.4082485538248792        2.0434666663786949     
  0.23049166241344621        2.9841090332324098        1.2275786992331221     
   1.9098544914165774       0.63767176266034320        3.4666082935816811     
  -1.3762459931665554       -1.8579408830419364        1.0595655863517517     
  -3.3797869657874813        5.3439345247824024E-002  -2.2476763271573126     
 -0.77253728707374769       -1.9988630151845996        1.8998092294630491     
   3.4665594262550736       -1.4718856097516102        2.5537199820292025     
 -0.46640168283534250       -2.7549881481722323       -1.5926416717933958     
 -0.48958184108916819       -2.7567614591773899        1.4518909263378308     
  0.94133702889976556       -2.5363173678472073        2.7944043250347619     
   2.5837969636740974       -2.8933834024188547       -2.6384363251260332     
   1.2025651445333003       -2.9244757552871001        1.8994515645248535     
   1.5179408314340168       -2.1009587842036779      -0.67776891813448081     
 -0.74590726631430559       -3.3795444502958047      -0.38536560546178100     
  0.45629577389927306      -0.51378004760780516       -3.1594301755127727     
   1.3477085945226956        1.1657816620302537        2.8729386526047511     
   3.7566758709335998E-002  0.44147143368607766       -1.0213586752403285     
 -0.11130823886896793      -0.67819976773693691       -3.2626210344773994     
  -2.0094549216875435      -0.99149438239084742        1.1883519879152742     
  -2.0640958840387094      -0.46192476706875252       -2.3552013970108958     
  -3.0004778500329170      -0.91530460541300218       -2.9522988290132299     
   3.1603367169879153       -2.8156844851507676       -2.5290955570668721     
  0.80501529059244381        1.0792660590446383      -0.12338164316375468     
  -2.3950736138997106        2.6304010217497797        2.6155445101874784     
  0.81140741113375581       0.74363854743794022       -1.8138101670877405     
 -0.43475204598437356       -1.2687921071925674      -0.87283390917572712     
   2.4110873717536347       -2.2192903368906363       -2.7994572869782473     
 -0.92037621402461478       -3.3248744338972922       -1.7477213212848866     
  0.90143933932506226       0.41731252392987256      -0.31532779485966916     
  0.73980169244008964        1.2444434744995954       0.55604424429720567     
 -0.86885327798879608        1.9158362791829640        2.1711261841801126     
   1.7412832241596898       0.62538162252521468       0.41740634495408607     
  -1.5479870233674875      -0.40147282225335379       0.93015959843042428     
  -1.0460518469767799        1.0144268026218515       -3.0745182584798862     
   1.5111416030515428      -0.90551958270780897      -0.19681556994947905     
  -2.3006621029710530       -1.2734309426878443       -2.9846531506991911     
   1.6265719714041862       -2.4108119154783991        3.4213632412011492     
  -6.3165109596735061E-002 -0.55010241809416649      -0.33728107551676434     
  -3.0433802944090602       -2.5021049570852036       -1.1818162923897992     
   1.5089212545818131       0.31167374068528192      -0.79743120625932118     
   3.1961878796189067       -3.3105118781513778        2.5180778256616012     
   1.2103714075081169       -3.2925100052776504      -0.46542068202630738     
 -0.39119381733954450       -1.7929315017140468      -0.57731567226612290     
   2.5271898458398074       -1.2963446297875529       -2.3059343583713199     
 -0.60708653664854040      -0.42176755481889622        2.9091317918909780     
 -0.59173720131228058       -2.8689948911645344      -0.96805165208102650     
   9.7044593351216388E-002 -0.27410017755357641        3.2716278924675612     
   1.2372897199896946       -1.3510699127410519        3.1487369848146591     
  -1.9893939853977098        1.4182278455836492       -3.3294755185396956     
  -2.1769306570470213        1.9461874320979304       -2.3865377672988055     
  -2.2647839636362694       0.92052664844432175       -1.2697418900803519     
  -3.4785657113466382       -1.9898293910097771       -2.2600260031784902     
   3.3606415686664040       -2.7883114672224218        2.8100048752231253     
  -3.2237957272192985        1.6888984293140272        2.4366849446219203     
   1.1799497535697858        2.4435171343873932        1.8272861074994164     
  -3.3809678800529235        2.7520760839159619        3.2130445281438873     
  0.76397356150038442        1.6474936957946129        1.0478763520936214     
   1.7795783845715742      -0.43025221632519284       0.38574666735680924     
  0.22563507828206608        2.9863762765196671        3.4515334165941223     
 -0.49802493422838939      -0.51882217683884502       -2.3849564898666626     
   1.7163483296593205       -1.1277459673437085        2.7949907023213734     
   1.7869492900556743        3.4703949685267608      -0.49977060470323709     
 -0.48937710946074947        1.6802211099374280      -0.77549441240848316     
   1.3395334797337570       -1.7066934073805258       -2.1658195436479648     
  -2.6696112819802131        2.0823667685393232        2.5705982188106864     
  -2.4801529408049370        1.3851111577190578       0.70060882476899200     
   3.3998814486458140       -1.9482704896496159      -0.24213792906022485     
   2.1077220415720546       0.46660104373335265       -1.0552298878683544     
 -0.51336154098688758       -2.2592667793585983      -0.14880558382550543     
   2.3034436402045295        1.8280347259292020      -0.64001103259128456     
   2.1642407993147486       -1.0429936981922070        2.2540372837976381     
  -1.6874025661729546      -0.54295384401030822       -1.8478588224649259     
  -1.4495015797888782        3.4542552570520546       0.13774350344185257     
  -1.2844163952310500E-002   1.4731119459019870        1.5280979674653141     
   9.1858160852511181E-003   2.4179000650751412        1.0195755548606904     
   2.6850820798555599        2.9419089392672424        2.0009904953702682     
   2.2755593413220141        2.2221862640416230       -2.2078705631762312     
  -1.9051604593694185       0.29041555183349649        6.0473910483010172E-002
  -2.2656601715478684       -1.2082452915936561        7.8192037520177365E-002
   2.0363513573769279      -0.52141720496140120        2.6257472088850791     
   3.0104153011737980       0.64170896638646513        1.7045592565994960     
  -1.7981518369424139       -2.9553940256225073        2.0373442534883588     
   2.5108801918585892       -2.7891117439086743        3.2165471207269873     
  -3.1834796501344438       -1.2637326204771830       -1.1485843361890797     
 -0.18257366150689242       -1.5474870827633125        1.5709199413342718     
   3.3336668161282428        2.3507352924417804       -3.3829090569607283     
 -0.57651979198522374       -3.1798651857130746       -3.4983931073179373     
 -0.60551159673464894        1.0523214728333732        2.5373736216569167     
  -1.9035668413961151        2.0270674245317002       -2.9851146133870641     
 -0.30144971594847242       -1.0631499276039544       0.16890172600899581     
   1.4411503521523101        8.5569013589190696E-002  0.16466944049361493     
  -3.2207777087996812      -0.16125792758087848      -0.55392876200099228     
  -1.0389368020193330       -1.0854074427190741       -2.5630409759092996     
   4.7618683533287035E-002   2.9197625470690793       0.64055285667213624     
   2.4598578298128246       -1.4344495015977552      -0.45354916867455686     
   3.4755683009847305        1.6130840761127696        5.9694160807058028E-002
   3.2033753748901548       -1.7083324331998435       -3.3546556428554699     
   2.3497799194777609        2.1972023871185073        1.6070616330020331     
 -0.72218631597048588       -2.1921494993422384      -0.96057465189780022     
  0.29562940368086238        3.0221303179127483       -1.6185561849899430E-002
  0.46258452088553481        3.3546631288368340       -2.1199551151053986     
  -3.0356480591539370       0.57899558771197424        3.4830918063753642     
  0.19890381212241154        1.8352941019516227        3.0395705901954342     
  -8.0979904732407931E-002 -0.15744581716715028      -0.86996191647853360     
 -0.56256106098693448       -1.0621682425977723       -2.1160547799592995     
   3.1429264217560191       0.27206341011036939       -3.1963549388667341     
  0.79563350281647449        3.3576287247845826      -0.15432738726085640     
  0.16174657293945627        2.4554329126326722        1.5984511760457922     
  0.49470819667275834        1.8248113104996544        1.5972167079464554     
   4.1202411045618018E-002 -0.73978512952797182       -1.2116698048008105     
